# JRE version: Java(TM) SE Runtime Environment (8.0_181-b13) (build 1.8.0_181-b13)
# Java VM: Java HotSpot(TM) 64-Bit Server VM (25.181-b13 mixed mode linux-amd64 compressed oops)
Heap:
 PSYoungGen      total 386560K, used 1757K [0x00000000d9580000, 0x00000000f1800000, 0x0000000100000000)
  eden space 377344K, 0% used [0x00000000d9580000,0x00000000d9580000,0x00000000f0600000)
  from space 9216K, 19% used [0x00000000f0600000,0x00000000f07b7688,0x00000000f0f00000)
  to   space 8192K, 0% used [0x00000000f1000000,0x00000000f1000000,0x00000000f1800000)
 ParOldGen       total 40960K, used 9689K [0x000000008c000000, 0x000000008e800000, 0x00000000d9580000)
  object space 40960K, 23% used [0x000000008c000000,0x000000008c976768,0x000000008e800000)
 Metaspace       used 26658K, capacity 27090K, committed 27264K, reserved 1073152K
  class space    used 3206K, capacity 3333K, committed 3456K, reserved 1048576K
GC Heap History (10 events):
Event: 52,004 GC heap after
Heap after GC invocations=7 (full 1):
 PSYoungGen      total 128000K, used 5782K [0x00000000d9580000, 0x00000000e1b00000, 0x0000000100000000)
  eden space 120320K, 0% used [0x00000000d9580000,0x00000000d9580000,0x00000000e0b00000)
  from space 7680K, 75% used [0x00000000e1380000,0x00000000e1925b18,0x00000000e1b00000)
  to   space 8192K, 0% used [0x00000000e0b00000,0x00000000e0b00000,0x00000000e1300000)
 ParOldGen       total 40960K, used 6388K [0x000000008c000000, 0x000000008e800000, 0x00000000d9580000)
  object space 40960K, 15% used [0x000000008c000000,0x000000008c63d140,0x000000008e800000)
 Metaspace       used 24870K, capacity 25172K, committed 25344K, reserved 1071104K
  class space    used 3172K, capacity 3280K, committed 3328K, reserved 1048576K
}
Event: 53,274 GC heap before
{Heap before GC invocations=8 (full 1):
 PSYoungGen      total 128000K, used 126102K [0x00000000d9580000, 0x00000000e1b00000, 0x0000000100000000)
  eden space 120320K, 100% used [0x00000000d9580000,0x00000000e0b00000,0x00000000e0b00000)
  from space 7680K, 75% used [0x00000000e1380000,0x00000000e1925b18,0x00000000e1b00000)
  to   space 8192K, 0% used [0x00000000e0b00000,0x00000000e0b00000,0x00000000e1300000)
 ParOldGen       total 40960K, used 6388K [0x000000008c000000, 0x000000008e800000, 0x00000000d9580000)
  object space 40960K, 15% used [0x000000008c000000,0x000000008c63d140,0x000000008e800000)
 Metaspace       used 25430K, capacity 25738K, committed 25856K, reserved 1071104K
  class space    used 3177K, capacity 3289K, committed 3328K, reserved 1048576K
Event: 53,282 GC heap after
Heap after GC invocations=8 (full 1):
 PSYoungGen      total 128512K, used 4063K [0x00000000d9580000, 0x00000000e8e80000, 0x0000000100000000)
  eden space 120320K, 0% used [0x00000000d9580000,0x00000000d9580000,0x00000000e0b00000)
  from space 8192K, 49% used [0x00000000e0b00000,0x00000000e0ef7c80,0x00000000e1300000)
  to   space 8192K, 0% used [0x00000000e8680000,0x00000000e8680000,0x00000000e8e80000)
 ParOldGen       total 40960K, used 6396K [0x000000008c000000, 0x000000008e800000, 0x00000000d9580000)
  object space 40960K, 15% used [0x000000008c000000,0x000000008c63f140,0x000000008e800000)
 Metaspace       used 25430K, capacity 25738K, committed 25856K, reserved 1071104K
  class space    used 3177K, capacity 3289K, committed 3328K, reserved 1048576K
}
Event: 54,113 GC heap before
{Heap before GC invocations=9 (full 1):
 PSYoungGen      total 128512K, used 124383K [0x00000000d9580000, 0x00000000e8e80000, 0x0000000100000000)
  eden space 120320K, 100% used [0x00000000d9580000,0x00000000e0b00000,0x00000000e0b00000)
  from space 8192K, 49% used [0x00000000e0b00000,0x00000000e0ef7c80,0x00000000e1300000)
  to   space 8192K, 0% used [0x00000000e8680000,0x00000000e8680000,0x00000000e8e80000)
 ParOldGen       total 40960K, used 6396K [0x000000008c000000, 0x000000008e800000, 0x00000000d9580000)
  object space 40960K, 15% used [0x000000008c000000,0x000000008c63f140,0x000000008e800000)
 Metaspace       used 25814K, capacity 26248K, committed 26368K, reserved 1073152K
  class space    used 3189K, capacity 3310K, committed 3328K, reserved 1048576K
Event: 54,119 GC heap after
Heap after GC invocations=9 (full 1):
 PSYoungGen      total 246272K, used 4264K [0x00000000d9580000, 0x00000000e8f00000, 0x0000000100000000)
  eden space 238080K, 0% used [0x00000000d9580000,0x00000000d9580000,0x00000000e7e00000)
  from space 8192K, 52% used [0x00000000e8680000,0x00000000e8aaa1f0,0x00000000e8e80000)
  to   space 8704K, 0% used [0x00000000e7e00000,0x00000000e7e00000,0x00000000e8680000)
 ParOldGen       total 40960K, used 6404K [0x000000008c000000, 0x000000008e800000, 0x00000000d9580000)
  object space 40960K, 15% used [0x000000008c000000,0x000000008c641140,0x000000008e800000)
 Metaspace       used 25814K, capacity 26248K, committed 26368K, reserved 1073152K
  class space    used 3189K, capacity 3310K, committed 3328K, reserved 1048576K
}
Event: 55,581 GC heap before
{Heap before GC invocations=10 (full 1):
 PSYoungGen      total 246272K, used 242344K [0x00000000d9580000, 0x00000000e8f00000, 0x0000000100000000)
  eden space 238080K, 100% used [0x00000000d9580000,0x00000000e7e00000,0x00000000e7e00000)
  from space 8192K, 52% used [0x00000000e8680000,0x00000000e8aaa1f0,0x00000000e8e80000)
  to   space 8704K, 0% used [0x00000000e7e00000,0x00000000e7e00000,0x00000000e8680000)
 ParOldGen       total 40960K, used 6404K [0x000000008c000000, 0x000000008e800000, 0x00000000d9580000)
  object space 40960K, 15% used [0x000000008c000000,0x000000008c641140,0x000000008e800000)
 Metaspace       used 26238K, capacity 26706K, committed 27008K, reserved 1073152K
  class space    used 3203K, capacity 3333K, committed 3456K, reserved 1048576K
Event: 55,628 GC heap after
Heap after GC invocations=10 (full 1):
 PSYoungGen      total 246784K, used 1399K [0x00000000d9580000, 0x00000000f1900000, 0x0000000100000000)
  eden space 238080K, 0% used [0x00000000d9580000,0x00000000d9580000,0x00000000e7e00000)
  from space 8704K, 16% used [0x00000000e7e00000,0x00000000e7f5dc30,0x00000000e8680000)
  to   space 9216K, 0% used [0x00000000f1000000,0x00000000f1000000,0x00000000f1900000)
 ParOldGen       total 40960K, used 9434K [0x000000008c000000, 0x000000008e800000, 0x00000000d9580000)
  object space 40960K, 23% used [0x000000008c000000,0x000000008c936bf8,0x000000008e800000)
 Metaspace       used 26238K, capacity 26706K, committed 27008K, reserved 1073152K
  class space    used 3203K, capacity 3333K, committed 3456K, reserved 1048576K
}
Event: 56,654 GC heap before
{Heap before GC invocations=11 (full 1):
 PSYoungGen      total 246784K, used 239479K [0x00000000d9580000, 0x00000000f1900000, 0x0000000100000000)
  eden space 238080K, 100% used [0x00000000d9580000,0x00000000e7e00000,0x00000000e7e00000)
  from space 8704K, 16% used [0x00000000e7e00000,0x00000000e7f5dc30,0x00000000e8680000)
  to   space 9216K, 0% used [0x00000000f1000000,0x00000000f1000000,0x00000000f1900000)
 ParOldGen       total 40960K, used 9434K [0x000000008c000000, 0x000000008e800000, 0x00000000d9580000)
  object space 40960K, 23% used [0x000000008c000000,0x000000008c936bf8,0x000000008e800000)
 Metaspace       used 26413K, capacity 26834K, committed 27008K, reserved 1073152K
  class space    used 3205K, capacity 3333K, committed 3456K, reserved 1048576K
Event: 56,661 GC heap after
Heap after GC invocations=11 (full 1):
 PSYoungGen      total 385536K, used 1303K [0x00000000d9580000, 0x00000000f1800000, 0x0000000100000000)
  eden space 377344K, 0% used [0x00000000d9580000,0x00000000d9580000,0x00000000f0600000)
  from space 8192K, 15% used [0x00000000f1000000,0x00000000f1145c30,0x00000000f1800000)
  to   space 9216K, 0% used [0x00000000f0600000,0x00000000f0600000,0x00000000f0f00000)
 ParOldGen       total 40960K, used 9601K [0x000000008c000000, 0x000000008e800000, 0x00000000d9580000)
  object space 40960K, 23% used [0x000000008c000000,0x000000008c960768,0x000000008e800000)
 Metaspace       used 26413K, capacity 26834K, committed 27008K, reserved 1073152K
  class space    used 3205K, capacity 3333K, committed 3456K, reserved 1048576K
}
Event: 86,898 GC heap before
{Heap before GC invocations=12 (full 1):
 PSYoungGen      total 385536K, used 378647K [0x00000000d9580000, 0x00000000f1800000, 0x0000000100000000)
  eden space 377344K, 100% used [0x00000000d9580000,0x00000000f0600000,0x00000000f0600000)
  from space 8192K, 15% used [0x00000000f1000000,0x00000000f1145c30,0x00000000f1800000)
  to   space 9216K, 0% used [0x00000000f0600000,0x00000000f0600000,0x00000000f0f00000)
 ParOldGen       total 40960K, used 9601K [0x000000008c000000, 0x000000008e800000, 0x00000000d9580000)
  object space 40960K, 23% used [0x000000008c000000,0x000000008c960768,0x000000008e800000)
 Metaspace       used 26658K, capacity 27090K, committed 27264K, reserved 1073152K
  class space    used 3206K, capacity 3333K, committed 3456K, reserved 1048576K

